{
  message: '{\n' +
    '    "method": "GET",\n' +
    '    "url": "/get_books",\n' +
    '    "status": 200,\n' +
    '    "duration": "630ms",\n' +
    '    "requestBody": {},\n' +
    '    "responseHeaders": {\n' +
    '        "x-powered-by": "Express",\n' +
    '        "access-control-allow-origin": "*",\n' +
    '        "content-type": "application/json; charset=utf-8",\n' +
    '        "content-length": "1510",\n' +
    '        "etag": "W/\\"5e6-smjQtKNUcQwd9I2ahsJ4NfyaTAk\\""\n' +
    '    }\n' +
    '}',
  level: 'info',
  timestamp: '2025-01-29 17:09:04'
}
{
  message: '{\n' +
    '    "method": "POST",\n' +
    '    "url": "/add_book_image/67965fc99e4aa14a16ebafd9",\n' +
    '    "status": 404,\n' +
    '    "duration": "12ms",\n' +
    '    "requestBody": {},\n' +
    '    "responseHeaders": {\n' +
    '        "x-powered-by": "Express",\n' +
    '        "access-control-allow-origin": "*",\n' +
    `        "content-security-policy": "default-src 'none'",\n` +
    '        "x-content-type-options": "nosniff",\n' +
    '        "content-type": "text/html; charset=utf-8",\n' +
    '        "content-length": 179\n' +
    '    }\n' +
    '}',
  level: 'info',
  timestamp: '2025-01-29 17:09:39'
}
{
  message: '{\n' +
    '    "method": "POST",\n' +
    '    "url": "/upload_book_image/67965fc99e4aa14a16ebafd9",\n' +
    '    "status": 401,\n' +
    '    "duration": "2ms",\n' +
    '    "requestBody": {},\n' +
    '    "responseHeaders": {\n' +
    '        "x-powered-by": "Express",\n' +
    '        "access-control-allow-origin": "*",\n' +
    '        "content-type": "application/json; charset=utf-8",\n' +
    '        "content-length": "27",\n' +
    '        "etag": "W/\\"1b-ptDm3ggC53pgcLgMnSH4sPfBUYY\\""\n' +
    '    }\n' +
    '}',
  level: 'info',
  timestamp: '2025-01-29 17:10:06'
}
{
  message: 'shuhratkarimov.dev@gmail.com email egasi login qilishga urindi!',
  level: 'info',
  timestamp: '2025-01-29 17:10:11'
}
{
  message: 'shuhrat tizimga kirdi!',
  level: 'info',
  timestamp: '2025-01-29 17:10:11'
}
{
  message: '{\n' +
    '    "method": "POST",\n' +
    '    "url": "/login",\n' +
    '    "status": 200,\n' +
    '    "duration": "773ms",\n' +
    '    "requestBody": {\n' +
    '        "email": "shuhratkarimov.dev@gmail.com",\n' +
    '        "password": "11111"\n' +
    '    },\n' +
    '    "responseHeaders": {\n' +
    '        "x-powered-by": "Express",\n' +
    '        "access-control-allow-origin": "*",\n' +
    '        "set-cookie": [\n' +
    '            "accesstoken=eyJhbGciOiJIUzI1NiIsInR5cCI6IkpXVCJ9.eyJ1c2VybmFtZSI6InNodWhyYXQiLCJlbWFpbCI6InNodWhyYXRrYXJpbW92LmRldkBnbWFpbC5jb20iLCJyb2xlIjoic3VwZXJhZG1pbiIsImlhdCI6MTczODE1MjYxMSwiZXhwIjoxNzM4MTUzNTExfQ.33P0-DK0BJSVbQzksRWHmYq3fykiXYktsji-2-cMR6M; Max-Age=900; Path=/; Expires=Wed, 29 Jan 2025 12:25:11 GMT; HttpOnly",\n' +
    '            "refreshtoken=eyJhbGciOiJIUzI1NiIsInR5cCI6IkpXVCJ9.eyJ1c2VybmFtZSI6InNodWhyYXQiLCJlbWFpbCI6InNodWhyYXRrYXJpbW92LmRldkBnbWFpbC5jb20iLCJyb2xlIjoic3VwZXJhZG1pbiIsImlhdCI6MTczODE1MjYxMSwiZXhwIjoxNzM4NzU3NDExfQ.lttkshOEJ9b8hx9eLFGtJsgAgn5WhfQa5CplPq2HpVs; Max-Age=604800; Path=/; Expires=Wed, 05 Feb 2025 12:10:11 GMT; HttpOnly"\n' +
    '        ],\n' +
    '        "content-type": "application/json; charset=utf-8",\n' +
    '        "content-length": "61",\n' +
    '        "etag": "W/\\"3d-zzZYoy/f/2rDKMTNKzSjvMrDORk\\""\n' +
    '    }\n' +
    '}',
  level: 'info',
  timestamp: '2025-01-29 17:10:11'
}
{
  message: '{\n' +
    '    "method": "POST",\n' +
    '    "url": "/upload_book_image/67965fc99e4aa14a16ebafd9",\n' +
    '    "status": 400,\n' +
    '    "duration": "3ms",\n' +
    '    "requestBody": {},\n' +
    '    "responseHeaders": {\n' +
    '        "x-powered-by": "Express",\n' +
    '        "access-control-allow-origin": "*",\n' +
    '        "content-type": "application/json; charset=utf-8",\n' +
    '        "content-length": "42",\n' +
    '        "etag": "W/\\"2a-5QZDSsYlAviGGnoQiQXHyRCGcw8\\""\n' +
    '    }\n' +
    '}',
  level: 'info',
  timestamp: '2025-01-29 17:10:18'
}
{
  message: '{\n' +
    '    "method": "POST",\n' +
    '    "url": "/upload_book_image/67965fc99e4aa14a16ebafd9",\n' +
    '    "status": 400,\n' +
    '    "duration": "2ms",\n' +
    '    "requestBody": {},\n' +
    '    "responseHeaders": {\n' +
    '        "x-powered-by": "Express",\n' +
    '        "access-control-allow-origin": "*",\n' +
    '        "content-type": "application/json; charset=utf-8",\n' +
    '        "content-length": "42",\n' +
    '        "etag": "W/\\"2a-5QZDSsYlAviGGnoQiQXHyRCGcw8\\""\n' +
    '    }\n' +
    '}',
  level: 'info',
  timestamp: '2025-01-29 17:10:30'
}
{
  message: '{\n' +
    '    "method": "POST",\n' +
    '    "url": "/upload_book_image/67965fc99e4aa14a16ebafd9",\n' +
    '    "status": 400,\n' +
    '    "duration": "2ms",\n' +
    '    "requestBody": {},\n' +
    '    "responseHeaders": {\n' +
    '        "x-powered-by": "Express",\n' +
    '        "access-control-allow-origin": "*",\n' +
    '        "content-type": "application/json; charset=utf-8",\n' +
    '        "content-length": "42",\n' +
    '        "etag": "W/\\"2a-5QZDSsYlAviGGnoQiQXHyRCGcw8\\""\n' +
    '    }\n' +
    '}',
  level: 'info',
  timestamp: '2025-01-29 17:10:38'
}
{
  message: '{\n' +
    '    "method": "POST",\n' +
    '    "url": "/upload_book_image/67965fc99e4aa14a16ebafd9",\n' +
    '    "status": 500,\n' +
    '    "duration": "11ms",\n' +
    '    "requestBody": {},\n' +
    '    "responseHeaders": {\n' +
    '        "x-powered-by": "Express",\n' +
    '        "access-control-allow-origin": "*",\n' +
    '        "content-type": "application/json; charset=utf-8",\n' +
    '        "content-length": "32",\n' +
    '        "etag": "W/\\"20-iur+Htx9aLskXD0qzGEi31qIPrs\\""\n' +
    '    }\n' +
    '}',
  level: 'info',
  timestamp: '2025-01-29 17:11:37'
}
{
  message: '{\n' +
    '    "method": "POST",\n' +
    '    "url": "/upload_book_image/67965fc99e4aa14a16ebafd9",\n' +
    '    "status": 500,\n' +
    '    "duration": "5ms",\n' +
    '    "requestBody": {},\n' +
    '    "responseHeaders": {\n' +
    '        "x-powered-by": "Express",\n' +
    '        "access-control-allow-origin": "*",\n' +
    '        "content-type": "application/json; charset=utf-8",\n' +
    '        "content-length": "32",\n' +
    '        "etag": "W/\\"20-iur+Htx9aLskXD0qzGEi31qIPrs\\""\n' +
    '    }\n' +
    '}',
  level: 'info',
  timestamp: '2025-01-29 17:11:45'
}
{
  message: '{\n' +
    '    "method": "POST",\n' +
    '    "url": "/upload_book_image/67965fc99e4aa14a16ebafd9",\n' +
    '    "status": 500,\n' +
    '    "duration": "9ms",\n' +
    '    "requestBody": {},\n' +
    '    "responseHeaders": {\n' +
    '        "x-powered-by": "Express",\n' +
    '        "access-control-allow-origin": "*",\n' +
    '        "content-type": "application/json; charset=utf-8",\n' +
    '        "content-length": "32",\n' +
    '        "etag": "W/\\"20-iur+Htx9aLskXD0qzGEi31qIPrs\\""\n' +
    '    }\n' +
    '}',
  level: 'info',
  timestamp: '2025-01-29 17:12:13'
}
{
  message: '{\n' +
    '    "method": "POST",\n' +
    '    "url": "/upload_book_image/67965fc99e4aa14a16ebafd9",\n' +
    '    "status": 500,\n' +
    '    "duration": "14ms",\n' +
    '    "requestBody": {},\n' +
    '    "responseHeaders": {\n' +
    '        "x-powered-by": "Express",\n' +
    '        "access-control-allow-origin": "*",\n' +
    '        "content-type": "application/json; charset=utf-8",\n' +
    '        "content-length": "32",\n' +
    '        "etag": "W/\\"20-iur+Htx9aLskXD0qzGEi31qIPrs\\""\n' +
    '    }\n' +
    '}',
  level: 'info',
  timestamp: '2025-01-29 17:13:39'
}
{
  message: '{\n' +
    '    "method": "POST",\n' +
    '    "url": "/upload_book_image/67965fc99e4aa14a16ebafd9",\n' +
    '    "status": 500,\n' +
    '    "duration": "30ms",\n' +
    '    "requestBody": {},\n' +
    '    "responseHeaders": {\n' +
    '        "x-powered-by": "Express",\n' +
    '        "access-control-allow-origin": "*",\n' +
    '        "content-type": "application/json; charset=utf-8",\n' +
    '        "content-length": "32",\n' +
    '        "etag": "W/\\"20-iur+Htx9aLskXD0qzGEi31qIPrs\\""\n' +
    '    }\n' +
    '}',
  level: 'info',
  timestamp: '2025-01-29 17:18:54'
}
{
  message: '{\n' +
    '    "method": "POST",\n' +
    '    "url": "/upload_book_image/67965fc99e4aa14a16ebafd9",\n' +
    '    "status": 500,\n' +
    '    "duration": "20ms",\n' +
    '    "requestBody": {},\n' +
    '    "responseHeaders": {\n' +
    '        "x-powered-by": "Express",\n' +
    '        "access-control-allow-origin": "*",\n' +
    '        "content-type": "application/json; charset=utf-8",\n' +
    '        "content-length": "32",\n' +
    '        "etag": "W/\\"20-iur+Htx9aLskXD0qzGEi31qIPrs\\""\n' +
    '    }\n' +
    '}',
  level: 'info',
  timestamp: '2025-01-29 17:21:59'
}
{
  message: '{\n' +
    '    "method": "POST",\n' +
    '    "url": "/upload_book_image/67965fc99e4aa14a16ebafd9",\n' +
    '    "status": 500,\n' +
    '    "duration": "19ms",\n' +
    '    "requestBody": {},\n' +
    '    "responseHeaders": {\n' +
    '        "x-powered-by": "Express",\n' +
    '        "access-control-allow-origin": "*",\n' +
    '        "content-type": "application/json; charset=utf-8",\n' +
    '        "content-length": "32",\n' +
    '        "etag": "W/\\"20-iur+Htx9aLskXD0qzGEi31qIPrs\\""\n' +
    '    }\n' +
    '}',
  level: 'info',
  timestamp: '2025-01-29 17:23:07'
}
{
  message: '{\n' +
    '    "method": "POST",\n' +
    '    "url": "/upload_book_image/67965fc99e4aa14a16ebafd9",\n' +
    '    "status": 500,\n' +
    '    "duration": "39ms",\n' +
    '    "requestBody": {},\n' +
    '    "responseHeaders": {\n' +
    '        "x-powered-by": "Express",\n' +
    '        "access-control-allow-origin": "*",\n' +
    '        "content-type": "application/json; charset=utf-8",\n' +
    '        "content-length": "32",\n' +
    '        "etag": "W/\\"20-iur+Htx9aLskXD0qzGEi31qIPrs\\""\n' +
    '    }\n' +
    '}',
  level: 'info',
  timestamp: '2025-01-29 17:24:39'
}
{
  message: '{\n' +
    '    "method": "POST",\n' +
    '    "url": "/upload_book_image/67965fc99e4aa14a16ebafd9",\n' +
    '    "status": 401,\n' +
    '    "duration": "2ms",\n' +
    '    "requestBody": {},\n' +
    '    "responseHeaders": {\n' +
    '        "x-powered-by": "Express",\n' +
    '        "access-control-allow-origin": "*",\n' +
    '        "content-type": "application/json; charset=utf-8",\n' +
    '        "content-length": "27",\n' +
    '        "etag": "W/\\"1b-ptDm3ggC53pgcLgMnSH4sPfBUYY\\""\n' +
    '    }\n' +
    '}',
  level: 'info',
  timestamp: '2025-01-29 17:25:49'
}
{
  message: 'shuhratkarimov.dev@gmail.com email egasi login qilishga urindi!',
  level: 'info',
  timestamp: '2025-01-29 17:25:54'
}
{
  message: 'shuhrat tizimga kirdi!',
  level: 'info',
  timestamp: '2025-01-29 17:25:54'
}
{
  message: '{\n' +
    '    "method": "POST",\n' +
    '    "url": "/login",\n' +
    '    "status": 200,\n' +
    '    "duration": "886ms",\n' +
    '    "requestBody": {\n' +
    '        "email": "shuhratkarimov.dev@gmail.com",\n' +
    '        "password": "11111"\n' +
    '    },\n' +
    '    "responseHeaders": {\n' +
    '        "x-powered-by": "Express",\n' +
    '        "access-control-allow-origin": "*",\n' +
    '        "set-cookie": [\n' +
    '            "accesstoken=eyJhbGciOiJIUzI1NiIsInR5cCI6IkpXVCJ9.eyJ1c2VybmFtZSI6InNodWhyYXQiLCJlbWFpbCI6InNodWhyYXRrYXJpbW92LmRldkBnbWFpbC5jb20iLCJyb2xlIjoic3VwZXJhZG1pbiIsImlhdCI6MTczODE1MzU1NCwiZXhwIjoxNzM4MTU0NDU0fQ.U76bdAKU2rU9KrHyUUMMZp7u1W-hM5zmmml_TJRACWM; Max-Age=900; Path=/; Expires=Wed, 29 Jan 2025 12:40:54 GMT; HttpOnly",\n' +
    '            "refreshtoken=eyJhbGciOiJIUzI1NiIsInR5cCI6IkpXVCJ9.eyJ1c2VybmFtZSI6InNodWhyYXQiLCJlbWFpbCI6InNodWhyYXRrYXJpbW92LmRldkBnbWFpbC5jb20iLCJyb2xlIjoic3VwZXJhZG1pbiIsImlhdCI6MTczODE1MzU1NCwiZXhwIjoxNzM4NzU4MzU0fQ.tn0dLL-MudquNkVgiBw5fonDxVp6pjkLb6GJD-FiSU8; Max-Age=604800; Path=/; Expires=Wed, 05 Feb 2025 12:25:54 GMT; HttpOnly"\n' +
    '        ],\n' +
    '        "content-type": "application/json; charset=utf-8",\n' +
    '        "content-length": "61",\n' +
    '        "etag": "W/\\"3d-zzZYoy/f/2rDKMTNKzSjvMrDORk\\""\n' +
    '    }\n' +
    '}',
  level: 'info',
  timestamp: '2025-01-29 17:25:54'
}
{
  message: '{\n' +
    '    "method": "POST",\n' +
    '    "url": "/upload_book_image/67965fc99e4aa14a16ebafd9",\n' +
    '    "status": 500,\n' +
    '    "duration": "19ms",\n' +
    '    "requestBody": {},\n' +
    '    "responseHeaders": {\n' +
    '        "x-powered-by": "Express",\n' +
    '        "access-control-allow-origin": "*",\n' +
    '        "content-type": "application/json; charset=utf-8",\n' +
    '        "content-length": "32",\n' +
    '        "etag": "W/\\"20-iur+Htx9aLskXD0qzGEi31qIPrs\\""\n' +
    '    }\n' +
    '}',
  level: 'info',
  timestamp: '2025-01-29 17:25:58'
}
{
  message: '{\n' +
    '    "method": "POST",\n' +
    '    "url": "/upload_book_image/67965fc99e4aa14a16ebafd9",\n' +
    '    "status": 500,\n' +
    '    "duration": "36ms",\n' +
    '    "requestBody": {},\n' +
    '    "responseHeaders": {\n' +
    '        "x-powered-by": "Express",\n' +
    '        "access-control-allow-origin": "*",\n' +
    '        "content-type": "application/json; charset=utf-8",\n' +
    '        "content-length": "77",\n' +
    '        "etag": "W/\\"4d-bv96S5cg6pkJ+h1fnbeHvqfMnEU\\""\n' +
    '    }\n' +
    '}',
  level: 'info',
  timestamp: '2025-01-29 17:29:11'
}
