{
  message: 'Tizimda xatolik yuz berdi!',
  level: 'error',
  timestamp: '2025-01-25 17:00:40'
}
{
  message: 'Tizimda xatolik yuz berdi!',
  level: 'error',
  timestamp: '2025-01-25 17:04:23'
}
{
  message: 'Tizimda xatolik yuz berdi!',
  level: 'error',
  timestamp: '2025-01-25 17:07:50'
}
{
  message: 'Tizimda xatolik yuz berdi!',
  level: 'error',
  timestamp: '2025-01-25 17:09:30'
}
{
  message: 'Tizimda xatolik yuz berdi!',
  level: 'error',
  timestamp: '2025-01-25 17:09:50'
}
{
  message: 'Tizimda xatolik yuz berdi!',
  level: 'error',
  timestamp: '2025-01-25 17:11:22'
}
{
  message: 'Tizimda xatolik yuz berdi!',
  level: 'error',
  timestamp: '2025-01-25 17:11:47'
}
{
  message: 'Tizimda xatolik yuz berdi!',
  level: 'error',
  timestamp: '2025-01-25 17:13:42'
}
{
  message: 'Tizimda xatolik yuz berdi!',
  level: 'error',
  timestamp: '2025-01-25 17:14:04'
}
{
  message: 'Tizimda xatolik yuz berdi!',
  level: 'error',
  timestamp: '2025-01-25 17:14:17'
}
{
  message: 'Tizimda xatolik yuz berdi!',
  level: 'error',
  timestamp: '2025-01-25 17:14:35'
}
{
  message: 'Tizimda xatolik yuz berdi!',
  level: 'error',
  timestamp: '2025-01-25 17:14:57'
}
{
  message: 'Tizimda xatolik yuz berdi!',
  level: 'error',
  timestamp: '2025-01-25 17:15:14'
}
{
  message: 'Tizimda xatolik yuz berdi!',
  level: 'error',
  timestamp: '2025-01-25 17:15:38'
}
{
  message: 'Tizimda xatolik yuz berdi!',
  level: 'error',
  timestamp: '2025-01-25 17:16:29'
}
{
  message: 'Tizimda xatolik yuz berdi!',
  level: 'error',
  timestamp: '2025-01-25 17:17:05'
}
{
  message: 'Tizimda xatolik yuz berdi!',
  level: 'error',
  timestamp: '2025-01-25 17:17:14'
}
{
  message: 'Tizimda xatolik yuz berdi!',
  level: 'error',
  timestamp: '2025-01-25 17:18:58'
}
{
  message: 'Tizimda xatolik yuz berdi!',
  level: 'error',
  timestamp: '2025-01-25 17:20:56'
}
{
  message: 'Tizimda xatolik yuz berdi!',
  level: 'error',
  timestamp: '2025-01-25 17:22:01'
}
{
  message: 'Tizimda xatolik yuz berdi!',
  level: 'error',
  timestamp: '2025-01-25 17:22:20'
}
{
  message: 'Tizimda xatolik yuz berdi!',
  level: 'error',
  timestamp: '2025-01-25 17:22:27'
}
{
  message: 'Tizimda xatolik yuz berdi!',
  level: 'error',
  timestamp: '2025-01-25 17:23:31'
}
{
  message: 'Tizimda xatolik yuz berdi!',
  level: 'error',
  timestamp: '2025-01-25 17:25:38'
}
{
  message: 'Tizimda xatolik yuz berdi!',
  level: 'error',
  timestamp: '2025-01-25 17:29:51'
}
{
  message: 'Tizimda xatolik yuz berdi!',
  level: 'error',
  timestamp: '2025-01-25 17:30:19'
}
{
  message: 'Tizimda xatolik yuz berdi!',
  level: 'error',
  timestamp: '2025-01-25 17:34:20'
}
{
  message: 'Tizimda xatolik yuz berdi!',
  level: 'error',
  timestamp: '2025-01-25 17:34:30'
}
{
  message: 'Tizimda xatolik yuz berdi!',
  level: 'error',
  timestamp: '2025-01-25 17:35:22'
}
{
  message: 'Tizimda xatolik yuz berdi!',
  level: 'error',
  timestamp: '2025-01-25 17:35:58'
}
{
  message: 'Tizimda xatolik yuz berdi!',
  level: 'error',
  timestamp: '2025-01-25 17:37:12'
}
{
  message: 'Tizimda xatolik yuz berdi!',
  level: 'error',
  timestamp: '2025-01-25 17:37:54'
}
{
  message: 'Tizimda xatolik yuz berdi!',
  level: 'error',
  timestamp: '2025-01-25 17:37:56'
}
{
  message: 'Tizimda xatolik yuz berdi!',
  level: 'error',
  timestamp: '2025-01-25 17:38:06'
}
{
  message: 'Tizimda xatolik yuz berdi!',
  level: 'error',
  timestamp: '2025-01-25 17:38:17'
}
{
  message: 'Tizimda xatolik yuz berdi!',
  level: 'error',
  timestamp: '2025-01-25 17:38:22'
}
{
  message: 'Tizimda xatolik yuz berdi!',
  level: 'error',
  timestamp: '2025-01-25 17:38:33'
}
{
  message: 'Tizimda xatolik yuz berdi!',
  level: 'error',
  timestamp: '2025-01-25 17:38:36'
}
{
  message: 'Tizimda xatolik yuz berdi!',
  level: 'error',
  timestamp: '2025-01-25 17:38:40'
}
{
  message: 'Tizimda xatolik yuz berdi!',
  level: 'error',
  timestamp: '2025-01-25 17:38:43'
}
{
  message: 'Tizimda xatolik yuz berdi!',
  level: 'error',
  timestamp: '2025-01-25 17:38:50'
}
{
  message: 'Tizimda xatolik yuz berdi!',
  level: 'error',
  timestamp: '2025-01-25 17:39:45'
}
{
  message: 'Tizimda xatolik yuz berdi!',
  level: 'error',
  timestamp: '2025-01-25 17:39:57'
}
{
  message: 'Tizimda xatolik yuz berdi!',
  level: 'error',
  timestamp: '2025-01-25 17:41:01'
}
{
  message: 'Tizimda xatolik yuz berdi!',
  level: 'error',
  timestamp: '2025-01-25 17:42:28'
}
{
  message: 'Tizimda xatolik yuz berdi!',
  level: 'error',
  timestamp: '2025-01-25 17:42:45'
}
{
  message: 'Tizimda xatolik yuz berdi!',
  level: 'error',
  timestamp: '2025-01-25 17:44:18'
}
{
  message: 'Tizimda xatolik yuz berdi!',
  level: 'error',
  timestamp: '2025-01-25 17:44:30'
}
{
  message: 'Tizimda xatolik yuz berdi!',
  level: 'error',
  timestamp: '2025-01-25 17:44:35'
}
{
  message: 'Tizimda xatolik yuz berdi!',
  level: 'error',
  timestamp: '2025-01-25 17:44:48'
}
{
  message: 'Tizimda xatolik yuz berdi!',
  level: 'error',
  timestamp: '2025-01-25 17:44:53'
}
{
  message: 'Tizimda xatolik yuz berdi!',
  level: 'error',
  timestamp: '2025-01-25 17:45:31'
}
{
  message: 'Tizimda xatolik yuz berdi!',
  level: 'error',
  timestamp: '2025-01-25 20:47:22'
}
{
  message: 'Tizimda xatolik yuz berdi!',
  level: 'error',
  timestamp: '2025-01-25 20:50:16'
}
{
  message: 'Tizimda xatolik yuz berdi!',
  level: 'error',
  timestamp: '2025-01-25 20:52:40'
}
{
  message: "Ro'yxatdan o'tish bilan bog'liq server xatosi yuzaga keldi!",
  level: 'error',
  timestamp: '2025-01-25 21:58:48'
}
{
  message: "Ro'yxatdan o'tish bilan bog'liq server xatosi yuzaga keldi!",
  level: 'error',
  timestamp: '2025-01-25 22:00:16'
}
{
  message: "Ro'yxatdan o'tish bilan bog'liq server xatosi yuzaga keldi!",
  level: 'error',
  timestamp: '2025-01-25 22:06:04'
}
{
  message: "Ro'yxatdan o'tish bilan bog'liq server xatosi yuzaga keldi!",
  level: 'error',
  timestamp: '2025-01-25 22:07:32'
}
{
  message: "Ro'yxatdan o'tish bilan bog'liq server xatosi yuzaga keldi!",
  level: 'error',
  timestamp: '2025-01-25 22:08:58'
}
{
  message: "Ro'yxatdan o'tish bilan bog'liq server xatosi yuzaga keldi!",
  level: 'error',
  timestamp: '2025-01-25 22:09:23'
}
{
  message: 'shuhratkarimov.dev@gmail.com email egasi register qilishga urindi!',
  level: 'error',
  timestamp: '2025-01-25 22:20:21'
}
